#
# A fatal error has been detected by the Java Runtime Environment:
#
#  EXCEPTION_ACCESS_VIOLATION (0xc0000005) at pc=0x000000005803a0e0, pid=71600, tid=49608
#
# JRE version: Java(TM) SE Runtime Environment (8.0_77-b03) (build 1.8.0_77-b03)
# Java VM: Java HotSpot(TM) 64-Bit Server VM (25.77-b03 mixed mode windows-amd64 compressed oops)
# Problematic frame:
# V  [jvm.dll+0x1aa0e0]
#
# Failed to write core dump. Minidumps are not enabled by default on client versions of Windows
#
# If you would like to submit a bug report, please visit:
#   http://bugreport.java.com/bugreport/crash.jsp
#

---------------  T H R E A D  ---------------

Current thread (0x000000001e0a1800):  JavaThread "JDWP Transport Listener: dt_socket" daemon [_thread_in_vm, id=49608, stack(0x000000001e690000,0x000000001e790000)]

siginfo: ExceptionCode=0xc0000005, writing address 0x00000000592a3300

Registers:
RAX=0x0000000020f2da10, RBX=0x0000000007010700, RCX=0x000000001e0a2600, RDX=0x0000000000000001
RSP=0x000000001e78f1d0, RBP=0x000000001e78f318, RSI=0x00000007c0313758, RDI=0x0000000000000013
R8 =0x000000001e0a9ff0, R9 =0x0000000000000001, R10=0x0000000000000000, R11=0x0000000020f2da10
R12=0x000000002121fb00, R13=0x000000001e78f2d0, R14=0x000000001e78f318, R15=0x0000000000000014
RIP=0x000000005803a0e0, EFLAGS=0x0000000000010202

Top of Stack: (sp=0x000000001e78f1d0)
0x000000001e78f1d0:   0000000007010700 000000001e78f318
0x000000001e78f1e0:   00000007c0313758 0000000059b60c18
0x000000001e78f1f0:   000000001e0a1800 000000001e0a3630
0x000000001e78f200:   000000001e0a2510 000000001e0a2520
0x000000001e78f210:   000000001e0a25f8 00000000000000d8
0x000000001e78f220:   000000001e78f5f0 00000000581094f4
0x000000001e78f230:   0000000000000000 0000000000000000
0x000000001e78f240:   000000001e0a2508 00000006c20fc220
0x000000001e78f250:   000000001e0a1800 00000000581d20a3
0x000000001e78f260:   000000001e78f318 000000001e78f2d0
0x000000001e78f270:   000000000372d150 0000000059b56c0e
0x000000001e78f280:   000000001e0a1800 0000000000000000
0x000000001e78f290:   0000000000000000 0000000000000000
0x000000001e78f2a0:   0000000000000000 0000000059b4551f
0x000000001e78f2b0:   000000001e78f360 0000000000000001
0x000000001e78f2c0:   000000001e0a4760 000000001e78f390 

Instructions: (pc=0x000000005803a0e0)
0x000000005803a0c0:   48 8b 8e 80 01 00 00 48 8b 86 a0 01 00 00 48 8b
0x000000005803a0d0:   4c f9 08 48 63 5c b8 04 e8 43 1f ef ff 48 ff c7
0x000000005803a0e0:   49 89 04 dc 49 3b ff 7c d7 eb 23 45 85 ff 7e 1e
0x000000005803a0f0:   48 8b 86 80 01 00 00 48 8b 4c f8 08 e8 1f 1f ef 


Register to memory mapping:

RAX=0x0000000020f2da10 is an unknown value
RBX=0x0000000007010700 is an unknown value
RCX=0x000000001e0a2600 is an unknown value
RDX=0x0000000000000001 is an unknown value
RSP=0x000000001e78f1d0 is pointing into the stack for thread: 0x000000001e0a1800
RBP=0x000000001e78f318 is pointing into the stack for thread: 0x000000001e0a1800
RSI=0x00000007c0313758 is pointing into metadata
RDI=0x0000000000000013 is an unknown value
R8 =0x000000001e0a9ff0 is an unknown value
R9 =0x0000000000000001 is an unknown value
R10=0x0000000000000000 is an unknown value
R11=0x0000000020f2da10 is an unknown value
R12=0x000000002121fb00 is an unknown value
R13=0x000000001e78f2d0 is pointing into the stack for thread: 0x000000001e0a1800
R14=0x000000001e78f318 is pointing into the stack for thread: 0x000000001e0a1800
R15=0x0000000000000014 is an unknown value


Stack: [0x000000001e690000,0x000000001e790000],  sp=0x000000001e78f1d0,  free space=1020k
Native frames: (J=compiled Java code, j=interpreted, Vv=VM code, C=native code)
V  [jvm.dll+0x1aa0e0]
V  [jvm.dll+0x3420a3]
C  [jdwp.dll+0x551f]
C  [jdwp.dll+0xf0a8]
C  [jdwp.dll+0x1f2d5]
C  [jdwp.dll+0x1f4aa]
V  [jvm.dll+0x1bba58]
V  [jvm.dll+0x243434]
V  [jvm.dll+0x29a27a]
C  [msvcr100.dll+0x21d9f]
C  [msvcr100.dll+0x21e3b]
C  [KERNEL32.DLL+0x14034]
C  [ntdll.dll+0x73691]


---------------  P R O C E S S  ---------------

Java Threads: ( => current thread )
  0x000000001efc5000 JavaThread "hutool-cron-1" [_thread_blocked, id=68172, stack(0x0000000024a30000,0x0000000024b30000)]
  0x0000000021482000 JavaThread "hutool-cron-0" [_thread_blocked, id=51304, stack(0x0000000024930000,0x0000000024a30000)]
  0x0000000021480000 JavaThread "RMI TCP Connection(4)-127.0.0.1" daemon [_thread_in_native, id=16108, stack(0x0000000024730000,0x0000000024830000)]
  0x0000000021481800 JavaThread "RMI TCP Connection(3)-127.0.0.1" daemon [_thread_in_native, id=44616, stack(0x0000000024530000,0x0000000024630000)]
  0x0000000021480800 JavaThread "DestroyJavaVM" [_thread_blocked, id=40316, stack(0x00000000030f0000,0x00000000031f0000)]
  0x0000000021476800 JavaThread "http-nio-8080-Acceptor-0" daemon [_thread_in_native, id=35460, stack(0x0000000024430000,0x0000000024530000)]
  0x000000002147d800 JavaThread "http-nio-8080-ClientPoller-1" daemon [_thread_in_native, id=57628, stack(0x0000000024330000,0x0000000024430000)]
  0x000000002147d000 JavaThread "http-nio-8080-ClientPoller-0" daemon [_thread_in_native, id=32212, stack(0x0000000024230000,0x0000000024330000)]
  0x0000000021475000 JavaThread "http-nio-8080-exec-10" daemon [_thread_blocked, id=38500, stack(0x0000000024130000,0x0000000024230000)]
  0x000000002147b000 JavaThread "http-nio-8080-exec-9" daemon [_thread_blocked, id=36476, stack(0x0000000024030000,0x0000000024130000)]
  0x000000002147a800 JavaThread "http-nio-8080-exec-8" daemon [_thread_blocked, id=18612, stack(0x0000000023f30000,0x0000000024030000)]
  0x0000000021476000 JavaThread "http-nio-8080-exec-7" daemon [_thread_blocked, id=70804, stack(0x0000000023e30000,0x0000000023f30000)]
  0x0000000021477800 JavaThread "http-nio-8080-exec-6" daemon [_thread_blocked, id=51732, stack(0x0000000023d30000,0x0000000023e30000)]
  0x0000000021479800 JavaThread "http-nio-8080-exec-5" daemon [_thread_blocked, id=52796, stack(0x0000000023c30000,0x0000000023d30000)]
  0x000000002147c000 JavaThread "http-nio-8080-exec-4" daemon [_thread_blocked, id=26668, stack(0x0000000023b30000,0x0000000023c30000)]
  0x0000000021473000 JavaThread "http-nio-8080-exec-3" daemon [_thread_blocked, id=66420, stack(0x0000000023a30000,0x0000000023b30000)]
  0x0000000021474800 JavaThread "http-nio-8080-exec-2" daemon [_thread_blocked, id=42836, stack(0x0000000023930000,0x0000000023a30000)]
  0x0000000021473800 JavaThread "http-nio-8080-exec-1" daemon [_thread_blocked, id=39788, stack(0x0000000023830000,0x0000000023930000)]
  0x0000000021479000 JavaThread "NioBlockingSelector.BlockPoller-1" daemon [_thread_in_native, id=27976, stack(0x0000000023730000,0x0000000023830000)]
  0x0000000021478000 JavaThread "Thread-3" [_thread_blocked, id=35116, stack(0x0000000023430000,0x0000000023530000)]
  0x00000000208dc000 JavaThread "Pure-Timer-1" [_thread_blocked, id=77796, stack(0x0000000023330000,0x0000000023430000)]
  0x00000000208dd800 JavaThread "Druid-ConnectionPool-Destroy-1859724001" daemon [_thread_blocked, id=44116, stack(0x0000000022d30000,0x0000000022e30000)]
  0x00000000208dc800 JavaThread "Druid-ConnectionPool-Create-1859724001" daemon [_thread_blocked, id=77768, stack(0x0000000022c30000,0x0000000022d30000)]
  0x00000000208da800 JavaThread "container-0" [_thread_blocked, id=9328, stack(0x0000000022730000,0x0000000022830000)]
  0x0000000021105800 JavaThread "Catalina-utility-2" [_thread_blocked, id=54332, stack(0x0000000022630000,0x0000000022730000)]
  0x00000000210c2000 JavaThread "Catalina-utility-1" [_thread_blocked, id=10040, stack(0x0000000022530000,0x0000000022630000)]
  0x000000001f13f800 JavaThread "JMX server connection timeout 21" daemon [_thread_blocked, id=21376, stack(0x0000000020060000,0x0000000020160000)]
  0x000000001f134800 JavaThread "RMI TCP Connection(2)-127.0.0.1" daemon [_thread_in_native, id=28552, stack(0x000000001ff60000,0x0000000020060000)]
  0x000000001f12a800 JavaThread "RMI Scheduler(0)" daemon [_thread_blocked, id=56808, stack(0x000000001fe60000,0x000000001ff60000)]
  0x000000001f115800 JavaThread "RMI TCP Connection(1)-127.0.0.1" daemon [_thread_in_native, id=69768, stack(0x000000001fd60000,0x000000001fe60000)]
  0x000000001edf9000 JavaThread "RMI TCP Accept-0" daemon [_thread_in_native, id=76032, stack(0x000000001f7b0000,0x000000001f8b0000)]
  0x000000001ede5000 JavaThread "RMI TCP Accept-50141" daemon [_thread_in_native, id=33520, stack(0x000000001f6b0000,0x000000001f7b0000)]
  0x000000001e489800 JavaThread "RMI TCP Accept-0" daemon [_thread_in_native, id=29588, stack(0x000000001f5b0000,0x000000001f6b0000)]
  0x000000001e118800 JavaThread "Service Thread" daemon [_thread_blocked, id=27668, stack(0x000000001ec90000,0x000000001ed90000)]
  0x000000001e116000 JavaThread "C1 CompilerThread2" daemon [_thread_blocked, id=32852, stack(0x000000001eb90000,0x000000001ec90000)]
  0x000000001e111000 JavaThread "C2 CompilerThread1" daemon [_thread_blocked, id=30764, stack(0x000000001ea90000,0x000000001eb90000)]
  0x000000001e0c0000 JavaThread "C2 CompilerThread0" daemon [_thread_blocked, id=72324, stack(0x000000001e990000,0x000000001ea90000)]
  0x000000001e0b2800 JavaThread "JDWP Command Reader" daemon [_thread_in_native, id=47444, stack(0x000000001e890000,0x000000001e990000)]
  0x000000001e0af000 JavaThread "JDWP Event Helper Thread" daemon [_thread_blocked, id=24600, stack(0x000000001e790000,0x000000001e890000)]
=>0x000000001e0a1800 JavaThread "JDWP Transport Listener: dt_socket" daemon [_thread_in_vm, id=49608, stack(0x000000001e690000,0x000000001e790000)]
  0x000000001e099800 JavaThread "Attach Listener" daemon [_thread_blocked, id=70916, stack(0x000000001e590000,0x000000001e690000)]
  0x000000001cd52000 JavaThread "Signal Dispatcher" daemon [_thread_blocked, id=29888, stack(0x000000001e490000,0x000000001e590000)]
  0x000000001cd2a800 JavaThread "Finalizer" daemon [_thread_blocked, id=33812, stack(0x000000001df90000,0x000000001e090000)]
  0x0000000003653000 JavaThread "Reference Handler" daemon [_thread_blocked, id=45480, stack(0x000000001de90000,0x000000001df90000)]

Other Threads:
  0x000000001cd08000 VMThread [stack: 0x000000001dd90000,0x000000001de90000] [id=7348]
  0x000000001ee00800 WatcherThread [stack: 0x000000001f8b0000,0x000000001f9b0000] [id=26632]

VM state:not at safepoint (normal execution)

VM Mutex/Monitor currently owned by a thread: None

Heap:
 PSYoungGen      total 214528K, used 50176K [0x000000076b180000, 0x0000000779280000, 0x00000007c0000000)
  eden space 203776K, 24% used [0x000000076b180000,0x000000076e280200,0x0000000777880000)
  from space 10752K, 0% used [0x0000000778300000,0x0000000778300000,0x0000000778d80000)
  to   space 10752K, 0% used [0x0000000777880000,0x0000000777880000,0x0000000778300000)
 ParOldGen       total 165888K, used 19826K [0x00000006c1400000, 0x00000006cb600000, 0x000000076b180000)
  object space 165888K, 11% used [0x00000006c1400000,0x00000006c275c890,0x00000006cb600000)
 Metaspace       used 38923K, capacity 40614K, committed 40744K, reserved 1085440K
  class space    used 5041K, capacity 5388K, committed 5416K, reserved 1048576K

Card table byte_map: [0x0000000012af0000,0x00000000132f0000] byte_map_base: 0x000000000f4e6000

Marking Bits: (ParMarkBitMap*) 0x00000000586a0600
 Begin Bits: [0x0000000013c40000, 0x0000000017bf0000)
 End Bits:   [0x0000000017bf0000, 0x000000001bba0000)

Polling page: 0x00000000017f0000

CodeCache: size=245760Kb used=7837Kb max_used=7837Kb free=237922Kb
 bounds [0x0000000003730000, 0x0000000003ee0000, 0x0000000012730000]
 total_blobs=4119 nmethods=3650 adapters=389
 compilation: enabled

Compilation events (10 events):
Event: 7.573 Thread 0x000000001e116000 3648   !   1       java.io.ObjectInputStream::readObject0 (554 bytes)
Event: 7.575 Thread 0x000000001e116000 nmethod 3648 0x0000000003ed1910 code [0x0000000003ed1e20, 0x0000000003ed3528]
Event: 7.575 Thread 0x000000001e116000 3649       1       java.io.ObjectInputStream$HandleTable::markDependency (171 bytes)
Event: 7.576 Thread 0x000000001e116000 nmethod 3649 0x0000000003ed5990 code [0x0000000003ed5b60, 0x0000000003ed6088]
Event: 7.576 Thread 0x000000001e116000 3650       1       java.io.ObjectInputStream$HandleTable::assign (48 bytes)
Event: 7.576 Thread 0x000000001e116000 nmethod 3650 0x0000000003ed6550 code [0x0000000003ed66c0, 0x0000000003ed6908]
Event: 17.327 Thread 0x000000001e116000 3651       1       java.nio.channels.spi.AbstractInterruptibleChannel::blockedOn (13 bytes)
Event: 17.327 Thread 0x000000001e116000 nmethod 3651 0x0000000003ed6ad0 code [0x0000000003ed6c40, 0x0000000003ed6f50]
Event: 17.327 Thread 0x000000001e116000 3652       1       java.lang.System$2::blockedOn (6 bytes)
Event: 17.327 Thread 0x000000001e116000 nmethod 3652 0x0000000003ed7110 code [0x0000000003ed7280, 0x0000000003ed7550]

GC Heap History (10 events):
Event: 2.769 GC heap before
{Heap before GC invocations=2 (full 0):
 PSYoungGen      total 76288K, used 41870K [0x000000076b180000, 0x0000000774680000, 0x00000007c0000000)
  eden space 65536K, 49% used [0x000000076b180000,0x000000076d1272f0,0x000000076f180000)
  from space 10752K, 87% used [0x000000076f180000,0x000000076fabc850,0x000000076fc00000)
  to   space 10752K, 0% used [0x0000000773c00000,0x0000000773c00000,0x0000000774680000)
 ParOldGen       total 175104K, used 16K [0x00000006c1400000, 0x00000006cbf00000, 0x000000076b180000)
  object space 175104K, 0% used [0x00000006c1400000,0x00000006c14040d8,0x00000006cbf00000)
 Metaspace       used 20650K, capacity 21232K, committed 21296K, reserved 1067008K
  class space    used 2726K, capacity 2880K, committed 2944K, reserved 1048576K
Event: 2.781 GC heap after
Heap after GC invocations=2 (full 0):
 PSYoungGen      total 141824K, used 9044K [0x000000076b180000, 0x0000000774680000, 0x00000007c0000000)
  eden space 131072K, 0% used [0x000000076b180000,0x000000076b180000,0x0000000773180000)
  from space 10752K, 84% used [0x0000000773c00000,0x00000007744d52f8,0x0000000774680000)
  to   space 10752K, 0% used [0x0000000773180000,0x0000000773180000,0x0000000773c00000)
 ParOldGen       total 175104K, used 24K [0x00000006c1400000, 0x00000006cbf00000, 0x000000076b180000)
  object space 175104K, 0% used [0x00000006c1400000,0x00000006c14060d8,0x00000006cbf00000)
 Metaspace       used 20650K, capacity 21232K, committed 21296K, reserved 1067008K
  class space    used 2726K, capacity 2880K, committed 2944K, reserved 1048576K
}
Event: 2.781 GC heap before
{Heap before GC invocations=3 (full 1):
 PSYoungGen      total 141824K, used 9044K [0x000000076b180000, 0x0000000774680000, 0x00000007c0000000)
  eden space 131072K, 0% used [0x000000076b180000,0x000000076b180000,0x0000000773180000)
  from space 10752K, 84% used [0x0000000773c00000,0x00000007744d52f8,0x0000000774680000)
  to   space 10752K, 0% used [0x0000000773180000,0x0000000773180000,0x0000000773c00000)
 ParOldGen       total 175104K, used 24K [0x00000006c1400000, 0x00000006cbf00000, 0x000000076b180000)
  object space 175104K, 0% used [0x00000006c1400000,0x00000006c14060d8,0x00000006cbf00000)
 Metaspace       used 20650K, capacity 21232K, committed 21296K, reserved 1067008K
  class space    used 2726K, capacity 2880K, committed 2944K, reserved 1048576K
Event: 2.826 GC heap after
Heap after GC invocations=3 (full 1):
 PSYoungGen      total 141824K, used 0K [0x000000076b180000, 0x0000000774680000, 0x00000007c0000000)
  eden space 131072K, 0% used [0x000000076b180000,0x000000076b180000,0x0000000773180000)
  from space 10752K, 0% used [0x0000000773c00000,0x0000000773c00000,0x0000000774680000)
  to   space 10752K, 0% used [0x0000000773180000,0x0000000773180000,0x0000000773c00000)
 ParOldGen       total 100864K, used 8682K [0x00000006c1400000, 0x00000006c7680000, 0x000000076b180000)
  object space 100864K, 8% used [0x00000006c1400000,0x00000006c1c7a950,0x00000006c7680000)
 Metaspace       used 20649K, capacity 21226K, committed 21296K, reserved 1067008K
  class space    used 2726K, capacity 2879K, committed 2944K, reserved 1048576K
}
Event: 4.594 GC heap before
{Heap before GC invocations=4 (full 1):
 PSYoungGen      total 141824K, used 131072K [0x000000076b180000, 0x0000000774680000, 0x00000007c0000000)
  eden space 131072K, 100% used [0x000000076b180000,0x0000000773180000,0x0000000773180000)
  from space 10752K, 0% used [0x0000000773c00000,0x0000000773c00000,0x0000000774680000)
  to   space 10752K, 0% used [0x0000000773180000,0x0000000773180000,0x0000000773c00000)
 ParOldGen       total 100864K, used 8683K [0x00000006c1400000, 0x00000006c7680000, 0x000000076b180000)
  object space 100864K, 8% used [0x00000006c1400000,0x00000006c1c7add8,0x00000006c7680000)
 Metaspace       used 31130K, capacity 32538K, committed 32896K, reserved 1077248K
  class space    used 4090K, capacity 4377K, committed 4480K, reserved 1048576K
Event: 4.616 GC heap after
Heap after GC invocations=4 (full 1):
 PSYoungGen      total 141824K, used 10724K [0x000000076b180000, 0x0000000778d80000, 0x00000007c0000000)
  eden space 131072K, 0% used [0x000000076b180000,0x000000076b180000,0x0000000773180000)
  from space 10752K, 99% used [0x0000000773180000,0x0000000773bf91e0,0x0000000773c00000)
  to   space 10752K, 0% used [0x0000000778300000,0x0000000778300000,0x0000000778d80000)
 ParOldGen       total 100864K, used 16927K [0x00000006c1400000, 0x00000006c7680000, 0x000000076b180000)
  object space 100864K, 16% used [0x00000006c1400000,0x00000006c2487ff0,0x00000006c7680000)
 Metaspace       used 31130K, capacity 32538K, committed 32896K, reserved 1077248K
  class space    used 4090K, capacity 4377K, committed 4480K, reserved 1048576K
}
Event: 5.128 GC heap before
{Heap before GC invocations=5 (full 1):
 PSYoungGen      total 141824K, used 60110K [0x000000076b180000, 0x0000000778d80000, 0x00000007c0000000)
  eden space 131072K, 37% used [0x000000076b180000,0x000000076e1ba6a8,0x0000000773180000)
  from space 10752K, 99% used [0x0000000773180000,0x0000000773bf91e0,0x0000000773c00000)
  to   space 10752K, 0% used [0x0000000778300000,0x0000000778300000,0x0000000778d80000)
 ParOldGen       total 100864K, used 16927K [0x00000006c1400000, 0x00000006c7680000, 0x000000076b180000)
  object space 100864K, 16% used [0x00000006c1400000,0x00000006c2487ff0,0x00000006c7680000)
 Metaspace       used 33772K, capacity 35444K, committed 35496K, reserved 1079296K
  class space    used 4430K, capacity 4748K, committed 4776K, reserved 1048576K
Event: 5.146 GC heap after
Heap after GC invocations=5 (full 1):
 PSYoungGen      total 214528K, used 10727K [0x000000076b180000, 0x0000000779280000, 0x00000007c0000000)
  eden space 203776K, 0% used [0x000000076b180000,0x000000076b180000,0x0000000777880000)
  from space 10752K, 99% used [0x0000000778300000,0x0000000778d79f40,0x0000000778d80000)
  to   space 10752K, 0% used [0x0000000777880000,0x0000000777880000,0x0000000778300000)
 ParOldGen       total 100864K, used 20781K [0x00000006c1400000, 0x00000006c7680000, 0x000000076b180000)
  object space 100864K, 20% used [0x00000006c1400000,0x00000006c284b4c8,0x00000006c7680000)
 Metaspace       used 33772K, capacity 35444K, committed 35496K, reserved 1079296K
  class space    used 4430K, capacity 4748K, committed 4776K, reserved 1048576K
}
Event: 5.146 GC heap before
{Heap before GC invocations=6 (full 2):
 PSYoungGen      total 214528K, used 10727K [0x000000076b180000, 0x0000000779280000, 0x00000007c0000000)
  eden space 203776K, 0% used [0x000000076b180000,0x000000076b180000,0x0000000777880000)
  from space 10752K, 99% used [0x0000000778300000,0x0000000778d79f40,0x0000000778d80000)
  to   space 10752K, 0% used [0x0000000777880000,0x0000000777880000,0x0000000778300000)
 ParOldGen       total 100864K, used 20781K [0x00000006c1400000, 0x00000006c7680000, 0x000000076b180000)
  object space 100864K, 20% used [0x00000006c1400000,0x00000006c284b4c8,0x00000006c7680000)
 Metaspace       used 33772K, capacity 35444K, committed 35496K, reserved 1079296K
  class space    used 4430K, capacity 4748K, committed 4776K, reserved 1048576K
Event: 5.216 GC heap after
Heap after GC invocations=6 (full 2):
 PSYoungGen      total 214528K, used 0K [0x000000076b180000, 0x0000000779280000, 0x00000007c0000000)
  eden space 203776K, 0% used [0x000000076b180000,0x000000076b180000,0x0000000777880000)
  from space 10752K, 0% used [0x0000000778300000,0x0000000778300000,0x0000000778d80000)
  to   space 10752K, 0% used [0x0000000777880000,0x0000000777880000,0x0000000778300000)
 ParOldGen       total 165888K, used 19826K [0x00000006c1400000, 0x00000006cb600000, 0x000000076b180000)
  object space 165888K, 11% used [0x00000006c1400000,0x00000006c275c890,0x00000006cb600000)
 Metaspace       used 33772K, capacity 35444K, committed 35496K, reserved 1079296K
  class space    used 4430K, capacity 4748K, committed 4776K, reserved 1048576K
}

Deoptimization events (0 events):
No events

Internal exceptions (10 events):
Event: 4.909 Thread 0x0000000003565000 Exception <a 'java/lang/ArrayIndexOutOfBoundsException'> (0x000000076cdee5a0) thrown at [D:\re\workspace\8-2-build-windows-amd64-cygwin\jdk8u77\6540\hotspot\src\share\vm\runtime\sharedRuntime.cpp, line 605]
Event: 4.938 Thread 0x0000000003565000 Exception <a 'java/lang/ArrayIndexOutOfBoundsException'> (0x000000076d0f6c48) thrown at [D:\re\workspace\8-2-build-windows-amd64-cygwin\jdk8u77\6540\hotspot\src\share\vm\runtime\sharedRuntime.cpp, line 605]
Event: 4.952 Thread 0x0000000003565000 Exception <a 'java/lang/ArrayIndexOutOfBoundsException'> (0x000000076d1b7cb0) thrown at [D:\re\workspace\8-2-build-windows-amd64-cygwin\jdk8u77\6540\hotspot\src\share\vm\runtime\sharedRuntime.cpp, line 605]
Event: 5.046 Thread 0x0000000003565000 Exception <a 'java/lang/ArrayIndexOutOfBoundsException'> (0x000000076d9a7740) thrown at [D:\re\workspace\8-2-build-windows-amd64-cygwin\jdk8u77\6540\hotspot\src\share\vm\runtime\sharedRuntime.cpp, line 605]
Event: 5.093 Thread 0x0000000003565000 Exception <a 'java/lang/ArrayIndexOutOfBoundsException'> (0x000000076dd05970) thrown at [D:\re\workspace\8-2-build-windows-amd64-cygwin\jdk8u77\6540\hotspot\src\share\vm\runtime\sharedRuntime.cpp, line 605]
Event: 5.093 Thread 0x0000000003565000 Exception <a 'java/lang/ArrayIndexOutOfBoundsException'> (0x000000076dd06930) thrown at [D:\re\workspace\8-2-build-windows-amd64-cygwin\jdk8u77\6540\hotspot\src\share\vm\runtime\sharedRuntime.cpp, line 605]
Event: 5.094 Thread 0x0000000003565000 Exception <a 'java/lang/ArrayIndexOutOfBoundsException'> (0x000000076dd08950) thrown at [D:\re\workspace\8-2-build-windows-amd64-cygwin\jdk8u77\6540\hotspot\src\share\vm\runtime\sharedRuntime.cpp, line 605]
Event: 5.094 Thread 0x0000000003565000 Exception <a 'java/lang/ArrayIndexOutOfBoundsException'> (0x000000076dd0a560) thrown at [D:\re\workspace\8-2-build-windows-amd64-cygwin\jdk8u77\6540\hotspot\src\share\vm\runtime\sharedRuntime.cpp, line 605]
Event: 5.439 Thread 0x0000000003565000 Exception <a 'java/lang/ArrayIndexOutOfBoundsException'> (0x000000076bb7a5e0) thrown at [D:\re\workspace\8-2-build-windows-amd64-cygwin\jdk8u77\6540\hotspot\src\share\vm\runtime\sharedRuntime.cpp, line 605]
Event: 5.439 Thread 0x0000000003565000 Exception <a 'java/lang/ArrayIndexOutOfBoundsException'> (0x000000076bb7b9d0) thrown at [D:\re\workspace\8-2-build-windows-amd64-cygwin\jdk8u77\6540\hotspot\src\share\vm\runtime\sharedRuntime.cpp, line 605]

Events (10 events):
Event: 16.117 Executing VM operation: RevokeBias done
Event: 16.117 loading class javax/crypto/AEADBadTagException
Event: 16.117 loading class javax/crypto/AEADBadTagException done
Event: 16.117 loading class javax/crypto/ShortBufferException
Event: 16.118 loading class javax/crypto/ShortBufferException done
Event: 16.118 Executing VM operation: RevokeBias
Event: 16.119 Executing VM operation: RevokeBias done
Event: 16.119 Thread 0x00000000208db000 Thread exited: 0x00000000208db000
Event: 18.268 Executing VM operation: RedefineClasses
Event: 18.301 Executing VM operation: RedefineClasses done


Dynamic libraries:
0x00007ff6e8230000 - 0x00007ff6e8267000 	C:\Program Files\Java\jdk1.8.0_77\bin\javaw.exe
0x00007ff87fbd0000 - 0x00007ff87fdb1000 	C:\WINDOWS\SYSTEM32\ntdll.dll
0x00007ff87d9f0000 - 0x00007ff87daa1000 	C:\WINDOWS\System32\KERNEL32.DLL
0x00007ff87c390000 - 0x00007ff87c603000 	C:\WINDOWS\System32\KERNELBASE.dll
0x00007ff87d700000 - 0x00007ff87d7a1000 	C:\WINDOWS\System32\ADVAPI32.dll
0x00007ff87fa30000 - 0x00007ff87face000 	C:\WINDOWS\System32\msvcrt.dll
0x00007ff87f600000 - 0x00007ff87f65b000 	C:\WINDOWS\System32\sechost.dll
0x00007ff87d060000 - 0x00007ff87d184000 	C:\WINDOWS\System32\RPCRT4.dll
0x00007ff87f8a0000 - 0x00007ff87fa30000 	C:\WINDOWS\System32\USER32.dll
0x00007ff87d040000 - 0x00007ff87d060000 	C:\WINDOWS\System32\win32u.dll
0x00007ff87e120000 - 0x00007ff87e148000 	C:\WINDOWS\System32\GDI32.dll
0x00007ff87cdf0000 - 0x00007ff87cf81000 	C:\WINDOWS\System32\gdi32full.dll
0x00007ff87c100000 - 0x00007ff87c19f000 	C:\WINDOWS\System32\msvcp_win.dll
0x00007ff87bfa0000 - 0x00007ff87c098000 	C:\WINDOWS\System32\ucrtbase.dll
0x00007ff86deb0000 - 0x00007ff86e119000 	C:\WINDOWS\WinSxS\amd64_microsoft.windows.common-controls_6595b64144ccf1df_6.0.17134.885_none_fb42a3473065565f\COMCTL32.dll
0x00007ff87d190000 - 0x00007ff87d4b2000 	C:\WINDOWS\System32\combase.dll
0x00007ff87cd70000 - 0x00007ff87cde9000 	C:\WINDOWS\System32\bcryptPrimitives.dll
0x00007ff87d6c0000 - 0x00007ff87d6ed000 	C:\WINDOWS\System32\IMM32.DLL
0x0000000059060000 - 0x0000000059132000 	C:\Program Files\Java\jdk1.8.0_77\jre\bin\msvcr100.dll
0x0000000057e90000 - 0x0000000058720000 	C:\Program Files\Java\jdk1.8.0_77\jre\bin\server\jvm.dll
0x00007ff87f660000 - 0x00007ff87f668000 	C:\WINDOWS\System32\PSAPI.DLL
0x00007ff877250000 - 0x00007ff877259000 	C:\WINDOWS\SYSTEM32\WSOCK32.dll
0x00007ff870cf0000 - 0x00007ff870d13000 	C:\WINDOWS\SYSTEM32\WINMM.dll
0x00007ff87fb30000 - 0x00007ff87fb9c000 	C:\WINDOWS\System32\WS2_32.dll
0x00007ff8718f0000 - 0x00007ff8718fa000 	C:\WINDOWS\SYSTEM32\VERSION.dll
0x00007ff870cc0000 - 0x00007ff870cea000 	C:\WINDOWS\SYSTEM32\WINMMBASE.dll
0x00007ff87cd20000 - 0x00007ff87cd69000 	C:\WINDOWS\System32\cfgmgr32.dll
0x0000000059bb0000 - 0x0000000059bbf000 	C:\Program Files\Java\jdk1.8.0_77\jre\bin\verify.dll
0x0000000059b80000 - 0x0000000059ba9000 	C:\Program Files\Java\jdk1.8.0_77\jre\bin\java.dll
0x0000000059b40000 - 0x0000000059b75000 	C:\Program Files\Java\jdk1.8.0_77\jre\bin\jdwp.dll
0x0000000059b30000 - 0x0000000059b38000 	C:\Program Files\Java\jdk1.8.0_77\jre\bin\npt.dll
0x0000000059b10000 - 0x0000000059b26000 	C:\Program Files\Java\jdk1.8.0_77\jre\bin\zip.dll
0x00007ff87e1b0000 - 0x00007ff87f5f0000 	C:\WINDOWS\System32\SHELL32.dll
0x00007ff87db10000 - 0x00007ff87dbb9000 	C:\WINDOWS\System32\shcore.dll
0x00007ff87c610000 - 0x00007ff87cd1d000 	C:\WINDOWS\System32\windows.storage.dll
0x00007ff87e150000 - 0x00007ff87e1a1000 	C:\WINDOWS\System32\shlwapi.dll
0x00007ff87bf30000 - 0x00007ff87bf41000 	C:\WINDOWS\System32\kernel.appcore.dll
0x00007ff87bf10000 - 0x00007ff87bf2f000 	C:\WINDOWS\System32\profapi.dll
0x00007ff87bf50000 - 0x00007ff87bf9c000 	C:\WINDOWS\System32\powrprof.dll
0x00007ff87bee0000 - 0x00007ff87beea000 	C:\WINDOWS\System32\FLTLIB.DLL
0x0000000059ab0000 - 0x0000000059ab9000 	C:\Program Files\Java\jdk1.8.0_77\jre\bin\dt_socket.dll
0x00007ff876ec0000 - 0x00007ff876ed6000 	C:\WINDOWS\system32\napinsp.dll
0x00007ff875ba0000 - 0x00007ff875bba000 	C:\WINDOWS\system32\pnrpnsp.dll
0x00007ff878060000 - 0x00007ff878079000 	C:\WINDOWS\system32\NLAapi.dll
0x00007ff87b700000 - 0x00007ff87b766000 	C:\WINDOWS\System32\mswsock.dll
0x00007ff87b4d0000 - 0x00007ff87b58e000 	C:\WINDOWS\SYSTEM32\DNSAPI.dll
0x00007ff87d6f0000 - 0x00007ff87d6f8000 	C:\WINDOWS\System32\NSI.dll
0x00007ff87b490000 - 0x00007ff87b4c8000 	C:\WINDOWS\SYSTEM32\IPHLPAPI.DLL
0x00007ff8771c0000 - 0x00007ff8771ce000 	C:\WINDOWS\System32\winrnr.dll
0x00007ff875b80000 - 0x00007ff875b95000 	C:\WINDOWS\System32\wshbth.dll
0x00007ff876170000 - 0x00007ff8761e2000 	C:\WINDOWS\System32\fwpuclnt.dll
0x00007ff87b9e0000 - 0x00007ff87ba05000 	C:\WINDOWS\SYSTEM32\bcrypt.dll
0x00007ff876080000 - 0x00007ff87608a000 	C:\Windows\System32\rasadhlp.dll
0x0000000059aa0000 - 0x0000000059aad000 	C:\Program Files\Java\jdk1.8.0_77\jre\bin\management.dll
0x0000000058fa0000 - 0x0000000058fba000 	C:\Program Files\Java\jdk1.8.0_77\jre\bin\net.dll
0x0000000058f80000 - 0x0000000058f91000 	C:\Program Files\Java\jdk1.8.0_77\jre\bin\nio.dll
0x00007ff87b8b0000 - 0x00007ff87b8c7000 	C:\WINDOWS\SYSTEM32\CRYPTSP.dll
0x00007ff87b2f0000 - 0x00007ff87b323000 	C:\WINDOWS\system32\rsaenh.dll
0x00007ff87bde0000 - 0x00007ff87be08000 	C:\WINDOWS\SYSTEM32\USERENV.dll
0x00007ff87b8d0000 - 0x00007ff87b8db000 	C:\WINDOWS\SYSTEM32\CRYPTBASE.dll
0x00007ff877ef0000 - 0x00007ff877f06000 	C:\WINDOWS\SYSTEM32\dhcpcsvc6.DLL
0x00007ff877ed0000 - 0x00007ff877eea000 	C:\WINDOWS\SYSTEM32\dhcpcsvc.DLL
0x0000000066e00000 - 0x0000000066f03000 	C:\Users\Single\AppData\Local\Temp\sqlite-3.25.2-a50d896e-85d7-4af7-a1df-2c006522797c-sqlitejdbc.dll
0x0000000058f50000 - 0x0000000058f74000 	C:\Program Files\Java\jdk1.8.0_77\jre\bin\sunec.dll
0x00007ff87a9b0000 - 0x00007ff87ab79000 	C:\WINDOWS\SYSTEM32\dbghelp.dll

VM Arguments:
jvm_args: -agentlib:jdwp=transport=dt_socket,suspend=y,address=localhost:50142 -Dcom.sun.management.jmxremote -Dcom.sun.management.jmxremote.port=50141 -Dcom.sun.management.jmxremote.authenticate=false -Dcom.sun.management.jmxremote.ssl=false -Djava.rmi.server.hostname=localhost -Dspring.liveBeansView.mbeanDomain -Dspring.application.admin.enabled=true -Xverify:none -XX:TieredStopAtLevel=1 -Dfile.encoding=UTF-8 
java_command: com.onedrivex.App
java_class_path (initial): C:\Program Files\Java\jdk1.8.0_77\jre\lib\resources.jar;C:\Program Files\Java\jdk1.8.0_77\jre\lib\rt.jar;C:\Program Files\Java\jdk1.8.0_77\jre\lib\jsse.jar;C:\Program Files\Java\jdk1.8.0_77\jre\lib\jce.jar;C:\Program Files\Java\jdk1.8.0_77\jre\lib\charsets.jar;C:\Program Files\Java\jdk1.8.0_77\jre\lib\jfr.jar;C:\Program Files\Java\jdk1.8.0_77\jre\lib\ext\access-bridge-64.jar;C:\Program Files\Java\jdk1.8.0_77\jre\lib\ext\cldrdata.jar;C:\Program Files\Java\jdk1.8.0_77\jre\lib\ext\dnsns.jar;C:\Program Files\Java\jdk1.8.0_77\jre\lib\ext\jaccess.jar;C:\Program Files\Java\jdk1.8.0_77\jre\lib\ext\jfxrt.jar;C:\Program Files\Java\jdk1.8.0_77\jre\lib\ext\localedata.jar;C:\Program Files\Java\jdk1.8.0_77\jre\lib\ext\nashorn.jar;C:\Program Files\Java\jdk1.8.0_77\jre\lib\ext\sunec.jar;C:\Program Files\Java\jdk1.8.0_77\jre\lib\ext\sunjce_provider.jar;C:\Program Files\Java\jdk1.8.0_77\jre\lib\ext\sunmscapi.jar;C:\Program Files\Java\jdk1.8.0_77\jre\lib\ext\sunpkcs11.jar;C:\Program Files\Java\jdk1.8.0_77\jre\lib\ext\zipfs.jar;D:\eclipse-workspace\OneDriveX\target\classes;D:\repository\org\springframework\boot\spring-boot-starter-web\2.1.3.RELEASE\spring-boot-starter-web-2.1.3.RELEASE.jar;D:\repository\org\springframework\boot\spring-boot-starter\2.1.3.RELEASE\spring-boot-starter-2.1.3.RELEASE.jar;D:\repository\org\springframework\boot\spring-boot\2.1.3.RELEASE\spring-boot-2.1.3.RELEASE.jar;D:\repository\org\springframework\boot\spring-boot-autoconfigure\2.1.3.RELEASE\spring-boot-autoconfigure-2.1.3.RELEASE.jar;D:\repository\org\springframework\boot\spring-boot-starter-logging\2.1.3.RELEASE\spring-boot-starter-logging-2.1.3.RELEASE.jar;D:\repository\ch\qos\logback\logback-classic\1.2.3\logback-classic-1.2.3.jar;D:\repository\ch\qos\logback\logback-core\1.2.3\logback-core-1.2.3.jar;D:\repository\org\slf4j\slf4j-api\1.7.25\slf4j-api-1.7.25.jar;D:\repository\org\apache\logging\log4j\log4j-to-slf4j\2.11.2\log4j-to-slf4j-2.11.2.jar;D:\repository\org\apache\logg
Launcher Type: SUN_STANDARD

Environment Variables:
JAVA_HOME=C:\Program Files\Java\jdk1.8.0_77
CLASSPATH=.;C:\Program Files\Java\jdk1.8.0_77\bin;C:\Program Files\Java\jdk1.8.0_77\lib\dt.jar;C:\Program Files\Java\jdk1.8.0_77\lib\tools.jar
PATH=C:/Program Files/Java/jre1.8.0_77/bin/server;C:/Program Files/Java/jre1.8.0_77/bin;C:/Program Files/Java/jre1.8.0_77/lib/amd64;C:\Program Files\Java\jdk1.8.0_77\bin;C:\Program Files (x86)\Lenovo\FusionEngine;C:\WINDOWS\system32;C:\WINDOWS;C:\WINDOWS\System32\Wbem;C:\WINDOWS\System32\WindowsPowerShell\v1.0\;C:\Program Files (x86)\ATI Technologies\ATI.ACE\Core-Static;C:\Program Files\Java\jdk1.8.0_77\jre\bin;D:\Program Files\mysql-5.6.17-winx64\bin;D:\Program Files\apache-maven-3.3.9\bin;D:\Program Files\MongoDB\Server\3.2\bin;D:\Program Files\gradle-2.13/bin;C:\Program Files (x86)\scala\bin;C:\Program Files (x86)\scala\bin;C:\Program Files (x86)\scala\jre\bin;C:\Program Files\TortoiseSVN\bin;D:\Program Files\nodejs\;C:\Program Files\Intel\WiFi\bin\;C:\Program Files\Common Files\Intel\WirelessCommon\;C:\Go\bin;D:\GOPATH\bin;D:\curl\I386;D:\Program Files (x86)\Gpg4win\..\GnuPG\bin;D:\Program Files\Git\cmd;D:\Program Files (x86)\sbt\bin;C:\WINDOWS\System32\OpenSSH\;D:\Program Files\Microsoft VS Code\bin;C:\Program Files\dotnet\;C:\Users\Single\AppData\Local\Programs\Python\Python36\Scripts\;C:\Users\Single\AppData\Local\Programs\Python\Python36\;C:\Users\Single\AppData\Local\Microsoft\WindowsApps;D:\codefile\hadoop-2.7.1\bin;C:\Users\Single\AppData\Roaming\npm;C:\Users\Single\Desktop;C:\Program Files\Heroku\bin;D:\Program Files (x86)\OpenVPN\bin;C:\Users\Single\AppData\Local\GitHubDesktop\bin;D:\Program Files\Microsoft VS Code\bin;C:\Users\Single\AppData\Local\Microsoft\WindowsApps;;C:\Users\Single\AppData\Local\Programs\Fiddler;C:\WINDOWS\system32;
USERNAME=Single
OS=Windows_NT
PROCESSOR_IDENTIFIER=Intel64 Family 6 Model 61 Stepping 4, GenuineIntel



---------------  S Y S T E M  ---------------

OS: Windows 10.0 , 64 bit Build 17134 (10.0.17134.753)

CPU:total 4 (2 cores per cpu, 2 threads per core) family 6 model 61 stepping 4, cmov, cx8, fxsr, mmx, sse, sse2, sse3, ssse3, sse4.1, sse4.2, popcnt, avx, avx2, aes, clmul, erms, 3dnowpref, lzcnt, ht, tsc, tscinvbit, bmi1, bmi2, adx

Memory: 4k page, physical 16688992k(7203184k free), swap 23525536k(8503304k free)

vm_info: Java HotSpot(TM) 64-Bit Server VM (25.77-b03) for windows-amd64 JRE (1.8.0_77-b03), built on Mar 20 2016 22:01:33 by "java_re" with MS VC++ 10.0 (VS2010)

time: Tue Jul 23 15:11:11 2019
elapsed time: 18 seconds (0d 0h 0m 18s)

